#
# A fatal error has been detected by the Java Runtime Environment:
#
#  EXCEPTION_ACCESS_VIOLATION (0xc0000005) at pc=0x00007ff9145f16ad, pid=2868, tid=8000
#
# JRE version: OpenJDK Runtime Environment (11.0.1+13) (build 11.0.1+13)
# Java VM: OpenJDK 64-Bit Server VM (11.0.1+13, mixed mode, tiered, compressed oops, g1 gc, windows-amd64)
# Problematic frame:
# V  [jvm.dll+0x1816ad]
#
# No core dump will be written. Minidumps are not enabled by default on client versions of Windows
#
# If you would like to submit a bug report, please visit:
#   http://bugreport.java.com/bugreport/crash.jsp
#

---------------  S U M M A R Y ------------

Command Line: -javaagent:C:\Program Files\JetBrains\IntelliJ IDEA Community Edition 2020.2.3\lib\idea_rt.jar=50284:C:\Program Files\JetBrains\IntelliJ IDEA Community Edition 2020.2.3\bin -Dfile.encoding=UTF-8 com.example.simpleCrud.SimpleCrudApplication

Host: Intel(R) Core(TM) i5-3337U CPU @ 1.80GHz, 4 cores, 7G,  Windows 10 , 64 bit Build 19041 (10.0.19041.546)
Time: Wed Oct 21 13:05:03 2020 Central European Daylight Time elapsed time: 3 seconds (0d 0h 0m 3s)

---------------  T H R E A D  ---------------

Current thread (0x000002365c5c4000):  JavaThread "C1 CompilerThread0" daemon [_thread_in_native, id=8000, stack(0x0000009e72a00000,0x0000009e72b00000)]


Current CompileTask:
C1:   3619 2066       3       org.springframework.util.StringUtils::delimitedListToStringArray (164 bytes)

Stack: [0x0000009e72a00000,0x0000009e72b00000],  sp=0x0000009e72afdf90,  free space=1015k
Native frames: (J=compiled Java code, j=interpreted, Vv=VM code, C=native code)
V  [jvm.dll+0x1816ad]
V  [jvm.dll+0x17d897]
V  [jvm.dll+0x13115f]
V  [jvm.dll+0x130969]
V  [jvm.dll+0x130b9f]
V  [jvm.dll+0x12fd17]
V  [jvm.dll+0x131db7]
V  [jvm.dll+0x22a4ff]
V  [jvm.dll+0x228b18]
V  [jvm.dll+0x73dc2d]
V  [jvm.dll+0x639e32]
C  [ucrtbase.dll+0x214c2]
C  [KERNEL32.DLL+0x17034]
C  [ntdll.dll+0x4cec1]


siginfo: EXCEPTION_ACCESS_VIOLATION (0xc0000005), reading address 0xffffffffffffffff


Register to memory mapping:

RIP=0x00007ff9145f16ad jvm.dll
RAX=0x000002365dfcb660 points into unknown readable memory
RBX=0x000002365e088da0 points into unknown readable memory
RCX=0x000000000000015b is an unknown value
RDX=0x000002365e089898 points into unknown readable memory
RSP=0x0000009e72afdf90 is pointing into the stack for thread: 0x000002365c5c4000
RBP=0x000002365dfb46c0 points into unknown readable memory
RSI=0x0000000000000b00 is an unknown value
RDI=0x000000000000038e is an unknown value
R8 =0x000002365dff1ad0 points into unknown readable memory
R9 =0x008002365dff3ac0 is an unknown value
R10=0x000000000000015f is an unknown value
R11=0x0000000000000628 is an unknown value
R12=0x0 is NULL
R13=0x0000009e72afe860 is pointing into the stack for thread: 0x000002365c5c4000
R14=0x00000000000003e6 is an unknown value
R15=0x0000000000000628 is an unknown value


Registers:
RAX=0x000002365dfcb660, RBX=0x000002365e088da0, RCX=0x000000000000015b, RDX=0x000002365e089898
RSP=0x0000009e72afdf90, RBP=0x000002365dfb46c0, RSI=0x0000000000000b00, RDI=0x000000000000038e
R8 =0x000002365dff1ad0, R9 =0x008002365dff3ac0, R10=0x000000000000015f, R11=0x0000000000000628
R12=0x0000000000000000, R13=0x0000009e72afe860, R14=0x00000000000003e6, R15=0x0000000000000628
RIP=0x00007ff9145f16ad, EFLAGS=0x0000000000010206

Top of Stack: (sp=0x0000009e72afdf90)
0x0000009e72afdf90:   000002365e088da0 00000000000001b8
0x0000009e72afdfa0:   000002363d29c2b0 00007ff914e75d20
0x0000009e72afdfb0:   000002363d29c2b0 00007ff914e75d20
0x0000009e72afdfc0:   000002365dfb46c0 00007ff9145ed897
0x0000009e72afdfd0:   0000009e72afe860 0000009e72afe0d0
0x0000009e72afdfe0:   0000000000000000 000002365dfb46c0
0x0000009e72afdff0:   0000000000000000 00000000000000b3
0x0000009e72afe000:   000002365e154f40 0000000060007010
0x0000009e72afe010:   0000000200000000 0000000002000002
0x0000009e72afe020:   0000000027000027 0000000060007010
0x0000009e72afe030:   000002365df00880 000000007700780f
0x0000009e72afe040:   0000000000000000 0000000037000730
0x0000009e72afe050:   0000000000007ff0 000000007700780f
0x0000009e72afe060:   00000000000003ff 0000000037000730
0x0000009e72afe070:   000002363b800000 00007ff90c000408
0x0000009e72afe080:   0000000000000000 0000000000000000 

Instructions: (pc=0x00007ff9145f16ad)
0x00007ff9145f168d:   03 48 8b df 4d 85 f6 0f 8e 7d 00 00 00 4d 8b d7
0x00007ff9145f169d:   48 8b f7 48 8b 45 70 4c 8b 0c f8 4d 85 c9 74 62
0x00007ff9145f16ad:   49 8b 41 08 44 8b 18 45 3b fb 7f 11 48 8b 43 18
0x00007ff9145f16bd:   4c 89 0c 06 49 8b 41 08 44 8b 38 eb 3e 49 8b ca 



---------------  P R O C E S S  ---------------

Threads class SMR info:
_java_thread_list=0x000002365d4f8370, length=12, elements={
0x000002363d1b6000, 0x000002365bc03000, 0x000002365bc04000, 0x000002365c592800,
0x000002365c593800, 0x000002365bc1e000, 0x000002365c5c4000, 0x000002365c5d0000,
0x000002365bb99800, 0x000002365c9cb800, 0x000002365ca04000, 0x000002365d93a800
}

Java Threads: ( => current thread )
  0x000002363d1b6000 JavaThread "main" [_thread_in_Java, id=1476, stack(0x0000009e71e00000,0x0000009e71f00000)]
  0x000002365bc03000 JavaThread "Reference Handler" daemon [_thread_blocked, id=8808, stack(0x0000009e72500000,0x0000009e72600000)]
  0x000002365bc04000 JavaThread "Finalizer" daemon [_thread_blocked, id=9772, stack(0x0000009e72600000,0x0000009e72700000)]
  0x000002365c592800 JavaThread "Signal Dispatcher" daemon [_thread_blocked, id=5096, stack(0x0000009e72700000,0x0000009e72800000)]
  0x000002365c593800 JavaThread "Attach Listener" daemon [_thread_blocked, id=6036, stack(0x0000009e72800000,0x0000009e72900000)]
  0x000002365bc1e000 JavaThread "C2 CompilerThread0" daemon [_thread_in_native, id=8936, stack(0x0000009e72900000,0x0000009e72a00000)]
=>0x000002365c5c4000 JavaThread "C1 CompilerThread0" daemon [_thread_in_native, id=8000, stack(0x0000009e72a00000,0x0000009e72b00000)]
  0x000002365c5d0000 JavaThread "Sweeper thread" daemon [_thread_blocked, id=700, stack(0x0000009e72b00000,0x0000009e72c00000)]
  0x000002365bb99800 JavaThread "Common-Cleaner" daemon [_thread_blocked, id=5532, stack(0x0000009e72c00000,0x0000009e72d00000)]
  0x000002365c9cb800 JavaThread "Monitor Ctrl-Break" daemon [_thread_in_native, id=4952, stack(0x0000009e72d00000,0x0000009e72e00000)]
  0x000002365ca04000 JavaThread "Service Thread" daemon [_thread_blocked, id=8416, stack(0x0000009e72e00000,0x0000009e72f00000)]
  0x000002365d93a800 JavaThread "C2 CompilerThread1" daemon [_thread_in_native, id=8316, stack(0x0000009e73200000,0x0000009e73300000)]

Other Threads:
  0x000002365bbdd000 VMThread "VM Thread" [stack: 0x0000009e72400000,0x0000009e72500000] [id=8592]
  0x000002365c850800 WatcherThread [stack: 0x0000009e72f00000,0x0000009e73000000] [id=4948]
  0x000002363d1ce000 GCTaskThread "GC Thread#0" [stack: 0x0000009e71f00000,0x0000009e72000000] [id=3104]
  0x000002365d04d000 GCTaskThread "GC Thread#1" [stack: 0x0000009e73000000,0x0000009e73100000] [id=2268]
  0x000002365cbdd800 GCTaskThread "GC Thread#2" [stack: 0x0000009e73100000,0x0000009e73200000] [id=1556]
  0x000002365d56e800 GCTaskThread "GC Thread#3" [stack: 0x0000009e73300000,0x0000009e73400000] [id=5324]
  0x000002363d201000 ConcurrentGCThread "G1 Main Marker" [stack: 0x0000009e72000000,0x0000009e72100000] [id=5544]
  0x000002363d204800 ConcurrentGCThread "G1 Conc#0" [stack: 0x0000009e72100000,0x0000009e72200000] [id=4416]
  0x000002363d294000 ConcurrentGCThread "G1 Refine#0" [stack: 0x0000009e72200000,0x0000009e72300000] [id=4168]
  0x000002363d295800 ConcurrentGCThread "G1 Young RemSet Sampling" [stack: 0x0000009e72300000,0x0000009e72400000] [id=1072]

Threads with active compile tasks:
C2 CompilerThread02076       4       jdk.internal.module.SystemModuleFinders$SystemModuleReader::find (54 bytes)
C1 CompilerThread02066       3       org.springframework.util.StringUtils::delimitedListToStringArray (164 bytes)
C2 CompilerThread12075       4       jdk.internal.module.SystemModuleFinders$SystemModuleReader::findImageLocation (42 bytes)

VM state:not at safepoint (normal execution)

VM Mutex/Monitor currently owned by a thread: None

Heap address: 0x0000000081c00000, size: 2020 MB, Compressed Oops mode: 32-bit
Narrow klass base: 0x0000000000000000, Narrow klass shift: 3
Compressed class space size: 1073741824 Address: 0x0000000100000000

Heap:
 garbage-first heap   total 131072K, used 7355K [0x0000000081c00000, 0x0000000100000000)
  region size 1024K, 5 young (5120K), 4 survivors (4096K)
 Metaspace       used 24282K, capacity 24893K, committed 24956K, reserved 1071104K
  class space    used 2703K, capacity 2973K, committed 3020K, reserved 1048576K
Heap Regions: E=young(eden), S=young(survivor), O=old, HS=humongous(starts), HC=humongous(continues), CS=collection set, F=free, A=archive, TAMS=top-at-mark-start (previous, next)
|   0|0x0000000081c00000, 0x0000000081d00000, 0x0000000081d00000|100%| O|  |TAMS 0x0000000081d00000, 0x0000000081c00000| Untracked 
|   1|0x0000000081d00000, 0x0000000081e00000, 0x0000000081e00000|100%| O|  |TAMS 0x0000000081dd8400, 0x0000000081d00000| Untracked 
|   2|0x0000000081e00000, 0x0000000081f00000, 0x0000000081f00000|100%| O|  |TAMS 0x0000000081e00000, 0x0000000081e00000| Untracked 
|   3|0x0000000081f00000, 0x0000000081fc9000, 0x0000000082000000| 78%| O|  |TAMS 0x0000000081f00000, 0x0000000081f00000| Untracked 
|   4|0x0000000082000000, 0x0000000082000000, 0x0000000082100000|  0%| F|  |TAMS 0x0000000082000000, 0x0000000082000000| Untracked 
|   5|0x0000000082100000, 0x0000000082100000, 0x0000000082200000|  0%| F|  |TAMS 0x0000000082100000, 0x0000000082100000| Untracked 
|   6|0x0000000082200000, 0x0000000082200000, 0x0000000082300000|  0%| F|  |TAMS 0x0000000082200000, 0x0000000082200000| Untracked 
|   7|0x0000000082300000, 0x0000000082300000, 0x0000000082400000|  0%| F|  |TAMS 0x0000000082300000, 0x0000000082300000| Untracked 
|   8|0x0000000082400000, 0x0000000082400000, 0x0000000082500000|  0%| F|  |TAMS 0x0000000082400000, 0x0000000082400000| Untracked 
|   9|0x0000000082500000, 0x0000000082500000, 0x0000000082600000|  0%| F|  |TAMS 0x0000000082500000, 0x0000000082500000| Untracked 
|  10|0x0000000082600000, 0x0000000082600000, 0x0000000082700000|  0%| F|  |TAMS 0x0000000082600000, 0x0000000082600000| Untracked 
|  11|0x0000000082700000, 0x0000000082700000, 0x0000000082800000|  0%| F|  |TAMS 0x0000000082700000, 0x0000000082700000| Untracked 
|  12|0x0000000082800000, 0x0000000082800000, 0x0000000082900000|  0%| F|  |TAMS 0x0000000082800000, 0x0000000082800000| Untracked 
|  13|0x0000000082900000, 0x0000000082900000, 0x0000000082a00000|  0%| F|  |TAMS 0x0000000082900000, 0x0000000082900000| Untracked 
|  14|0x0000000082a00000, 0x0000000082a00000, 0x0000000082b00000|  0%| F|  |TAMS 0x0000000082a00000, 0x0000000082a00000| Untracked 
|  15|0x0000000082b00000, 0x0000000082b00000, 0x0000000082c00000|  0%| F|  |TAMS 0x0000000082b00000, 0x0000000082b00000| Untracked 
|  16|0x0000000082c00000, 0x0000000082c00000, 0x0000000082d00000|  0%| F|  |TAMS 0x0000000082c00000, 0x0000000082c00000| Untracked 
|  17|0x0000000082d00000, 0x0000000082d00000, 0x0000000082e00000|  0%| F|  |TAMS 0x0000000082d00000, 0x0000000082d00000| Untracked 
|  18|0x0000000082e00000, 0x0000000082e00000, 0x0000000082f00000|  0%| F|  |TAMS 0x0000000082e00000, 0x0000000082e00000| Untracked 
|  19|0x0000000082f00000, 0x0000000082f00000, 0x0000000083000000|  0%| F|  |TAMS 0x0000000082f00000, 0x0000000082f00000| Untracked 
|  20|0x0000000083000000, 0x0000000083000000, 0x0000000083100000|  0%| F|  |TAMS 0x0000000083000000, 0x0000000083000000| Untracked 
|  21|0x0000000083100000, 0x0000000083100000, 0x0000000083200000|  0%| F|  |TAMS 0x0000000083100000, 0x0000000083100000| Untracked 
|  22|0x0000000083200000, 0x0000000083200000, 0x0000000083300000|  0%| F|  |TAMS 0x0000000083200000, 0x0000000083200000| Untracked 
|  23|0x0000000083300000, 0x0000000083300000, 0x0000000083400000|  0%| F|  |TAMS 0x0000000083300000, 0x0000000083300000| Untracked 
|  24|0x0000000083400000, 0x0000000083400000, 0x0000000083500000|  0%| F|  |TAMS 0x0000000083400000, 0x0000000083400000| Untracked 
|  25|0x0000000083500000, 0x0000000083500000, 0x0000000083600000|  0%| F|  |TAMS 0x0000000083500000, 0x0000000083500000| Untracked 
|  26|0x0000000083600000, 0x0000000083600000, 0x0000000083700000|  0%| F|  |TAMS 0x0000000083600000, 0x0000000083600000| Untracked 
|  27|0x0000000083700000, 0x0000000083700000, 0x0000000083800000|  0%| F|  |TAMS 0x0000000083700000, 0x0000000083700000| Untracked 
|  28|0x0000000083800000, 0x0000000083800000, 0x0000000083900000|  0%| F|  |TAMS 0x0000000083800000, 0x0000000083800000| Untracked 
|  29|0x0000000083900000, 0x0000000083900000, 0x0000000083a00000|  0%| F|  |TAMS 0x0000000083900000, 0x0000000083900000| Untracked 
|  30|0x0000000083a00000, 0x0000000083a00000, 0x0000000083b00000|  0%| F|  |TAMS 0x0000000083a00000, 0x0000000083a00000| Untracked 
|  31|0x0000000083b00000, 0x0000000083b00000, 0x0000000083c00000|  0%| F|  |TAMS 0x0000000083b00000, 0x0000000083b00000| Untracked 
|  32|0x0000000083c00000, 0x0000000083c00000, 0x0000000083d00000|  0%| F|  |TAMS 0x0000000083c00000, 0x0000000083c00000| Untracked 
|  33|0x0000000083d00000, 0x0000000083d00000, 0x0000000083e00000|  0%| F|  |TAMS 0x0000000083d00000, 0x0000000083d00000| Untracked 
|  34|0x0000000083e00000, 0x0000000083e00000, 0x0000000083f00000|  0%| F|  |TAMS 0x0000000083e00000, 0x0000000083e00000| Untracked 
|  35|0x0000000083f00000, 0x0000000083f00000, 0x0000000084000000|  0%| F|  |TAMS 0x0000000083f00000, 0x0000000083f00000| Untracked 
|  36|0x0000000084000000, 0x0000000084000000, 0x0000000084100000|  0%| F|  |TAMS 0x0000000084000000, 0x0000000084000000| Untracked 
|  37|0x0000000084100000, 0x0000000084100000, 0x0000000084200000|  0%| F|  |TAMS 0x0000000084100000, 0x0000000084100000| Untracked 
|  38|0x0000000084200000, 0x0000000084200000, 0x0000000084300000|  0%| F|  |TAMS 0x0000000084200000, 0x0000000084200000| Untracked 
|  39|0x0000000084300000, 0x0000000084300000, 0x0000000084400000|  0%| F|  |TAMS 0x0000000084300000, 0x0000000084300000| Untracked 
|  40|0x0000000084400000, 0x0000000084400000, 0x0000000084500000|  0%| F|  |TAMS 0x0000000084400000, 0x0000000084400000| Untracked 
|  41|0x0000000084500000, 0x0000000084500000, 0x0000000084600000|  0%| F|  |TAMS 0x0000000084500000, 0x0000000084500000| Untracked 
|  42|0x0000000084600000, 0x0000000084600000, 0x0000000084700000|  0%| F|  |TAMS 0x0000000084600000, 0x0000000084600000| Untracked 
|  43|0x0000000084700000, 0x0000000084700000, 0x0000000084800000|  0%| F|  |TAMS 0x0000000084700000, 0x0000000084700000| Untracked 
|  44|0x0000000084800000, 0x0000000084800000, 0x0000000084900000|  0%| F|  |TAMS 0x0000000084800000, 0x0000000084800000| Untracked 
|  45|0x0000000084900000, 0x0000000084900000, 0x0000000084a00000|  0%| F|  |TAMS 0x0000000084900000, 0x0000000084900000| Untracked 
|  46|0x0000000084a00000, 0x0000000084a00000, 0x0000000084b00000|  0%| F|  |TAMS 0x0000000084a00000, 0x0000000084a00000| Untracked 
|  47|0x0000000084b00000, 0x0000000084b00000, 0x0000000084c00000|  0%| F|  |TAMS 0x0000000084b00000, 0x0000000084b00000| Untracked 
|  48|0x0000000084c00000, 0x0000000084c00000, 0x0000000084d00000|  0%| F|  |TAMS 0x0000000084c00000, 0x0000000084c00000| Untracked 
|  49|0x0000000084d00000, 0x0000000084d00000, 0x0000000084e00000|  0%| F|  |TAMS 0x0000000084d00000, 0x0000000084d00000| Untracked 
|  50|0x0000000084e00000, 0x0000000084e00000, 0x0000000084f00000|  0%| F|  |TAMS 0x0000000084e00000, 0x0000000084e00000| Untracked 
|  51|0x0000000084f00000, 0x0000000084f00000, 0x0000000085000000|  0%| F|  |TAMS 0x0000000084f00000, 0x0000000084f00000| Untracked 
|  52|0x0000000085000000, 0x0000000085000000, 0x0000000085100000|  0%| F|  |TAMS 0x0000000085000000, 0x0000000085000000| Untracked 
|  53|0x0000000085100000, 0x0000000085100000, 0x0000000085200000|  0%| F|  |TAMS 0x0000000085100000, 0x0000000085100000| Untracked 
|  54|0x0000000085200000, 0x0000000085200000, 0x0000000085300000|  0%| F|  |TAMS 0x0000000085200000, 0x0000000085200000| Untracked 
|  55|0x0000000085300000, 0x0000000085300000, 0x0000000085400000|  0%| F|  |TAMS 0x0000000085300000, 0x0000000085300000| Untracked 
|  56|0x0000000085400000, 0x0000000085400000, 0x0000000085500000|  0%| F|  |TAMS 0x0000000085400000, 0x0000000085400000| Untracked 
|  57|0x0000000085500000, 0x0000000085500000, 0x0000000085600000|  0%| F|  |TAMS 0x0000000085500000, 0x0000000085500000| Untracked 
|  58|0x0000000085600000, 0x0000000085600000, 0x0000000085700000|  0%| F|  |TAMS 0x0000000085600000, 0x0000000085600000| Untracked 
|  59|0x0000000085700000, 0x0000000085700000, 0x0000000085800000|  0%| F|  |TAMS 0x0000000085700000, 0x0000000085700000| Untracked 
|  60|0x0000000085800000, 0x0000000085800000, 0x0000000085900000|  0%| F|  |TAMS 0x0000000085800000, 0x0000000085800000| Untracked 
|  61|0x0000000085900000, 0x0000000085900000, 0x0000000085a00000|  0%| F|  |TAMS 0x0000000085900000, 0x0000000085900000| Untracked 
|  62|0x0000000085a00000, 0x0000000085a00000, 0x0000000085b00000|  0%| F|  |TAMS 0x0000000085a00000, 0x0000000085a00000| Untracked 
|  63|0x0000000085b00000, 0x0000000085b00000, 0x0000000085c00000|  0%| F|  |TAMS 0x0000000085b00000, 0x0000000085b00000| Untracked 
|  64|0x0000000085c00000, 0x0000000085c00000, 0x0000000085d00000|  0%| F|  |TAMS 0x0000000085c00000, 0x0000000085c00000| Untracked 
|  65|0x0000000085d00000, 0x0000000085d00000, 0x0000000085e00000|  0%| F|  |TAMS 0x0000000085d00000, 0x0000000085d00000| Untracked 
|  66|0x0000000085e00000, 0x0000000085e00000, 0x0000000085f00000|  0%| F|  |TAMS 0x0000000085e00000, 0x0000000085e00000| Untracked 
|  67|0x0000000085f00000, 0x0000000085f00000, 0x0000000086000000|  0%| F|  |TAMS 0x0000000085f00000, 0x0000000085f00000| Untracked 
|  68|0x0000000086000000, 0x0000000086000000, 0x0000000086100000|  0%| F|  |TAMS 0x0000000086000000, 0x0000000086000000| Untracked 
|  69|0x0000000086100000, 0x0000000086100000, 0x0000000086200000|  0%| F|  |TAMS 0x0000000086100000, 0x0000000086100000| Untracked 
|  70|0x0000000086200000, 0x0000000086200000, 0x0000000086300000|  0%| F|  |TAMS 0x0000000086200000, 0x0000000086200000| Untracked 
|  71|0x0000000086300000, 0x0000000086300000, 0x0000000086400000|  0%| F|  |TAMS 0x0000000086300000, 0x0000000086300000| Untracked 
|  72|0x0000000086400000, 0x0000000086400000, 0x0000000086500000|  0%| F|  |TAMS 0x0000000086400000, 0x0000000086400000| Untracked 
|  73|0x0000000086500000, 0x0000000086500000, 0x0000000086600000|  0%| F|  |TAMS 0x0000000086500000, 0x0000000086500000| Untracked 
|  74|0x0000000086600000, 0x0000000086600000, 0x0000000086700000|  0%| F|  |TAMS 0x0000000086600000, 0x0000000086600000| Untracked 
|  75|0x0000000086700000, 0x0000000086700000, 0x0000000086800000|  0%| F|  |TAMS 0x0000000086700000, 0x0000000086700000| Untracked 
|  76|0x0000000086800000, 0x0000000086800000, 0x0000000086900000|  0%| F|  |TAMS 0x0000000086800000, 0x0000000086800000| Untracked 
|  77|0x0000000086900000, 0x0000000086900000, 0x0000000086a00000|  0%| F|  |TAMS 0x0000000086900000, 0x0000000086900000| Untracked 
|  78|0x0000000086a00000, 0x0000000086a00000, 0x0000000086b00000|  0%| F|  |TAMS 0x0000000086a00000, 0x0000000086a00000| Untracked 
|  79|0x0000000086b00000, 0x0000000086b00000, 0x0000000086c00000|  0%| F|  |TAMS 0x0000000086b00000, 0x0000000086b00000| Untracked 
|  80|0x0000000086c00000, 0x0000000086c00000, 0x0000000086d00000|  0%| F|  |TAMS 0x0000000086c00000, 0x0000000086c00000| Untracked 
|  81|0x0000000086d00000, 0x0000000086d00000, 0x0000000086e00000|  0%| F|  |TAMS 0x0000000086d00000, 0x0000000086d00000| Untracked 
|  82|0x0000000086e00000, 0x0000000086e00000, 0x0000000086f00000|  0%| F|  |TAMS 0x0000000086e00000, 0x0000000086e00000| Untracked 
|  83|0x0000000086f00000, 0x0000000086f00000, 0x0000000087000000|  0%| F|  |TAMS 0x0000000086f00000, 0x0000000086f00000| Untracked 
|  84|0x0000000087000000, 0x0000000087000000, 0x0000000087100000|  0%| F|  |TAMS 0x0000000087000000, 0x0000000087000000| Untracked 
|  85|0x0000000087100000, 0x0000000087100000, 0x0000000087200000|  0%| F|  |TAMS 0x0000000087100000, 0x0000000087100000| Untracked 
|  86|0x0000000087200000, 0x0000000087200000, 0x0000000087300000|  0%| F|  |TAMS 0x0000000087200000, 0x0000000087200000| Untracked 
|  87|0x0000000087300000, 0x0000000087300000, 0x0000000087400000|  0%| F|  |TAMS 0x0000000087300000, 0x0000000087300000| Untracked 
|  88|0x0000000087400000, 0x0000000087400000, 0x0000000087500000|  0%| F|  |TAMS 0x0000000087400000, 0x0000000087400000| Untracked 
|  89|0x0000000087500000, 0x0000000087500000, 0x0000000087600000|  0%| F|  |TAMS 0x0000000087500000, 0x0000000087500000| Untracked 
|  90|0x0000000087600000, 0x0000000087600000, 0x0000000087700000|  0%| F|  |TAMS 0x0000000087600000, 0x0000000087600000| Untracked 
|  91|0x0000000087700000, 0x0000000087700000, 0x0000000087800000|  0%| F|  |TAMS 0x0000000087700000, 0x0000000087700000| Untracked 
|  92|0x0000000087800000, 0x0000000087800000, 0x0000000087900000|  0%| F|  |TAMS 0x0000000087800000, 0x0000000087800000| Untracked 
|  93|0x0000000087900000, 0x0000000087900000, 0x0000000087a00000|  0%| F|  |TAMS 0x0000000087900000, 0x0000000087900000| Untracked 
|  94|0x0000000087a00000, 0x0000000087a00000, 0x0000000087b00000|  0%| F|  |TAMS 0x0000000087a00000, 0x0000000087a00000| Untracked 
|  95|0x0000000087b00000, 0x0000000087b00000, 0x0000000087c00000|  0%| F|  |TAMS 0x0000000087b00000, 0x0000000087b00000| Untracked 
|  96|0x0000000087c00000, 0x0000000087c00000, 0x0000000087d00000|  0%| F|  |TAMS 0x0000000087c00000, 0x0000000087c00000| Untracked 
|  97|0x0000000087d00000, 0x0000000087d00000, 0x0000000087e00000|  0%| F|  |TAMS 0x0000000087d00000, 0x0000000087d00000| Untracked 
|  98|0x0000000087e00000, 0x0000000087e00000, 0x0000000087f00000|  0%| F|  |TAMS 0x0000000087e00000, 0x0000000087e00000| Untracked 
|  99|0x0000000087f00000, 0x0000000087f00000, 0x0000000088000000|  0%| F|  |TAMS 0x0000000087f00000, 0x0000000087f00000| Untracked 
| 100|0x0000000088000000, 0x0000000088000000, 0x0000000088100000|  0%| F|  |TAMS 0x0000000088000000, 0x0000000088000000| Untracked 
| 101|0x0000000088100000, 0x0000000088100000, 0x0000000088200000|  0%| F|  |TAMS 0x0000000088100000, 0x0000000088100000| Untracked 
| 102|0x0000000088200000, 0x0000000088265ec0, 0x0000000088300000| 39%| S|CS|TAMS 0x0000000088200000, 0x0000000088200000| Complete 
| 103|0x0000000088300000, 0x0000000088400000, 0x0000000088400000|100%| S|CS|TAMS 0x0000000088300000, 0x0000000088300000| Complete 
| 104|0x0000000088400000, 0x0000000088500000, 0x0000000088500000|100%| S|CS|TAMS 0x0000000088400000, 0x0000000088400000| Complete 
| 105|0x0000000088500000, 0x0000000088600000, 0x0000000088600000|100%| S|CS|TAMS 0x0000000088500000, 0x0000000088500000| Complete 
| 106|0x0000000088600000, 0x0000000088600000, 0x0000000088700000|  0%| F|  |TAMS 0x0000000088600000, 0x0000000088600000| Untracked 
| 107|0x0000000088700000, 0x0000000088700000, 0x0000000088800000|  0%| F|  |TAMS 0x0000000088700000, 0x0000000088700000| Untracked 
| 108|0x0000000088800000, 0x0000000088800000, 0x0000000088900000|  0%| F|  |TAMS 0x0000000088800000, 0x0000000088800000| Untracked 
| 109|0x0000000088900000, 0x0000000088900000, 0x0000000088a00000|  0%| F|  |TAMS 0x0000000088900000, 0x0000000088900000| Untracked 
| 110|0x0000000088a00000, 0x0000000088a00000, 0x0000000088b00000|  0%| F|  |TAMS 0x0000000088a00000, 0x0000000088a00000| Untracked 
| 111|0x0000000088b00000, 0x0000000088b00000, 0x0000000088c00000|  0%| F|  |TAMS 0x0000000088b00000, 0x0000000088b00000| Untracked 
| 112|0x0000000088c00000, 0x0000000088c00000, 0x0000000088d00000|  0%| F|  |TAMS 0x0000000088c00000, 0x0000000088c00000| Untracked 
| 113|0x0000000088d00000, 0x0000000088d00000, 0x0000000088e00000|  0%| F|  |TAMS 0x0000000088d00000, 0x0000000088d00000| Untracked 
| 114|0x0000000088e00000, 0x0000000088e00000, 0x0000000088f00000|  0%| F|  |TAMS 0x0000000088e00000, 0x0000000088e00000| Untracked 
| 115|0x0000000088f00000, 0x0000000088f00000, 0x0000000089000000|  0%| F|  |TAMS 0x0000000088f00000, 0x0000000088f00000| Untracked 
| 116|0x0000000089000000, 0x0000000089000000, 0x0000000089100000|  0%| F|  |TAMS 0x0000000089000000, 0x0000000089000000| Untracked 
| 117|0x0000000089100000, 0x0000000089100000, 0x0000000089200000|  0%| F|  |TAMS 0x0000000089100000, 0x0000000089100000| Untracked 
| 118|0x0000000089200000, 0x0000000089200000, 0x0000000089300000|  0%| F|  |TAMS 0x0000000089200000, 0x0000000089200000| Untracked 
| 119|0x0000000089300000, 0x0000000089300000, 0x0000000089400000|  0%| F|  |TAMS 0x0000000089300000, 0x0000000089300000| Untracked 
| 120|0x0000000089400000, 0x0000000089400000, 0x0000000089500000|  0%| F|  |TAMS 0x0000000089400000, 0x0000000089400000| Untracked 
| 121|0x0000000089500000, 0x0000000089500000, 0x0000000089600000|  0%| F|  |TAMS 0x0000000089500000, 0x0000000089500000| Untracked 
| 122|0x0000000089600000, 0x0000000089600000, 0x0000000089700000|  0%| F|  |TAMS 0x0000000089600000, 0x0000000089600000| Untracked 
| 123|0x0000000089700000, 0x0000000089700000, 0x0000000089800000|  0%| F|  |TAMS 0x0000000089700000, 0x0000000089700000| Untracked 
| 124|0x0000000089800000, 0x0000000089800000, 0x0000000089900000|  0%| F|  |TAMS 0x0000000089800000, 0x0000000089800000| Untracked 
| 125|0x0000000089900000, 0x0000000089900000, 0x0000000089a00000|  0%| F|  |TAMS 0x0000000089900000, 0x0000000089900000| Untracked 
| 126|0x0000000089a00000, 0x0000000089a00000, 0x0000000089b00000|  0%| F|  |TAMS 0x0000000089a00000, 0x0000000089a00000| Untracked 
| 127|0x0000000089b00000, 0x0000000089b80800, 0x0000000089c00000| 50%| E|  |TAMS 0x0000000089b00000, 0x0000000089b00000| Complete 

Card table byte_map: [0x0000023654ef0000,0x00000236552f0000] _byte_map_base: 0x0000023654ae2000

Marking Bits (Prev, Next): (CMBitMap*) 0x000002363d1f86c0, (CMBitMap*) 0x000002363d1f8688
 Prev Bits: [0x0000023657680000, 0x0000023659610000)
 Next Bits: [0x00000236556f0000, 0x0000023657680000)

Polling page: 0x000002363b7e0000

Metaspace:

Usage:
  Non-class:     21.41 MB capacity,    21.07 MB ( 98%) used,   277.37 KB (  1%) free+waste,    64.06 KB ( <1%) overhead. 
      Class:      2.90 MB capacity,     2.64 MB ( 91%) used,   238.18 KB (  8%) free+waste,    31.31 KB (  1%) overhead. 
       Both:     24.31 MB capacity,    23.71 MB ( 98%) used,   515.55 KB (  2%) free+waste,    95.38 KB ( <1%) overhead. 

Virtual space:
  Non-class space:       22.00 MB reserved,      21.42 MB ( 97%) committed 
      Class space:        1.00 GB reserved,       2.95 MB ( <1%) committed 
             Both:        1.02 GB reserved,      24.37 MB (  2%) committed 

Chunk freelists:
   Non-Class:  2.00 KB
       Class:  384 bytes
        Both:  2.38 KB

CodeHeap 'non-profiled nmethods': size=120064Kb used=806Kb max_used=806Kb free=119257Kb
 bounds [0x000002364cf90000, 0x000002364d200000, 0x00000236544d0000]
CodeHeap 'profiled nmethods': size=120000Kb used=4042Kb max_used=4042Kb free=115957Kb
 bounds [0x0000023645a60000, 0x0000023645e60000, 0x000002364cf90000]
CodeHeap 'non-nmethods': size=5696Kb used=1119Kb max_used=1154Kb free=4576Kb
 bounds [0x00000236454d0000, 0x0000023645740000, 0x0000023645a60000]
 total_blobs=2960 nmethods=2033 adapters=346
 compilation: enabled
              stopped_count=0, restarted_count=0
 full_count=0

Compilation events (10 events):
Event: 3.593 Thread 0x000002365c5c4000 nmethod 2061 0x0000023645e4f790 code [0x0000023645e4f9e0, 0x0000023645e502d0]
Event: 3.595 Thread 0x000002365c5c4000 2062       3       org.springframework.core.annotation.MergedAnnotationsCollection::find (169 bytes)
Event: 3.597 Thread 0x000002365c5c4000 nmethod 2062 0x0000023645e50590 code [0x0000023645e50840, 0x0000023645e51780]
Event: 3.597 Thread 0x000002365c5c4000 2063       3       org.springframework.core.annotation.MergedAnnotationsCollection$AnnotationsSpliterator::createMergedAnnotationIfPossible (54 bytes)
Event: 3.598 Thread 0x000002365c5c4000 nmethod 2063 0x0000023645e51d10 code [0x0000023645e51f20, 0x0000023645e52420]
Event: 3.600 Thread 0x000002365c5c4000 2064       3       org.springframework.core.io.DefaultResourceLoader::getClassLoader (18 bytes)
Event: 3.600 Thread 0x000002365c5c4000 nmethod 2064 0x0000023645e52610 code [0x0000023645e527e0, 0x0000023645e529d0]
Event: 3.600 Thread 0x000002365c5c4000 2065       3       sun.net.www.protocol.jar.JarURLConnection::getUseCaches (8 bytes)
Event: 3.600 Thread 0x000002365c5c4000 nmethod 2065 0x0000023645e52a90 code [0x0000023645e52c60, 0x0000023645e52e90]
Event: 3.601 Thread 0x000002365c5c4000 2066       3       org.springframework.util.StringUtils::delimitedListToStringArray (164 bytes)

GC Heap History (4 events):
Event: 1.245 GC heap before
{Heap before GC invocations=0 (full 0):
 garbage-first heap   total 131072K, used 14336K [0x0000000081c00000, 0x0000000100000000)
  region size 1024K, 14 young (14336K), 0 survivors (0K)
 Metaspace       used 10701K, capacity 10826K, committed 11136K, reserved 1058816K
  class space    used 998K, capacity 1057K, committed 1152K, reserved 1048576K
}
Event: 1.288 GC heap after
{Heap after GC invocations=1 (full 0):
 garbage-first heap   total 131072K, used 3937K [0x0000000081c00000, 0x0000000100000000)
  region size 1024K, 2 young (2048K), 2 survivors (2048K)
 Metaspace       used 10701K, capacity 10826K, committed 11136K, reserved 1058816K
  class space    used 998K, capacity 1057K, committed 1152K, reserved 1048576K
}
Event: 2.645 GC heap before
{Heap before GC invocations=1 (full 0):
 garbage-first heap   total 131072K, used 39777K [0x0000000081c00000, 0x0000000100000000)
  region size 1024K, 38 young (38912K), 2 survivors (2048K)
 Metaspace       used 20814K, capacity 21195K, committed 21296K, reserved 1069056K
  class space    used 2246K, capacity 2423K, committed 2432K, reserved 1048576K
}
Event: 2.657 GC heap after
{Heap after GC invocations=2 (full 0):
 garbage-first heap   total 131072K, used 5841K [0x0000000081c00000, 0x0000000100000000)
  region size 1024K, 4 young (4096K), 4 survivors (4096K)
 Metaspace       used 20814K, capacity 21195K, committed 21296K, reserved 1069056K
  class space    used 2246K, capacity 2423K, committed 2432K, reserved 1048576K
}

Deoptimization events (10 events):
Event: 2.765 Thread 0x000002365d0a3000 Uncommon trap: reason=unstable_if action=reinterpret pc=0x000002364cfe71ac method=jdk.internal.org.objectweb.asm.Type.getArgumentsAndReturnSizes(Ljava/lang/String;)I @ 47 c2
Event: 2.813 Thread 0x000002363d1b6000 Uncommon trap: reason=unstable_if action=reinterpret pc=0x000002364cfd1ce0 method=java.lang.String.startsWith(Ljava/lang/String;I)Z @ 1 c2
Event: 2.820 Thread 0x000002363d1b6000 Uncommon trap: reason=unstable_if action=reinterpret pc=0x000002364cfd9f94 method=java.util.concurrent.ConcurrentHashMap.get(Ljava/lang/Object;)Ljava/lang/Object; @ 76 c2
Event: 2.905 Thread 0x000002363d1b6000 Uncommon trap: reason=unstable_if action=reinterpret pc=0x000002364cfb6e04 method=java.util.zip.ZipFile$Source.getEntryPos([BZ)I @ 156 c2
Event: 3.014 Thread 0x000002363d1b6000 Uncommon trap: reason=bimorphic_or_optimized_type_check action=maybe_recompile pc=0x000002364d017598 method=java.util.HashMap.getNode(ILjava/lang/Object;)Ljava/util/HashMap$Node; @ 126 c2
Event: 3.087 Thread 0x000002363d1b6000 Uncommon trap: reason=unstable_if action=reinterpret pc=0x000002364d0294bc method=java.lang.String.<init>([CIILjava/lang/Void;)V @ 5 c2
Event: 3.373 Thread 0x000002363d1b6000 Uncommon trap: reason=bimorphic_or_optimized_type_check action=maybe_recompile pc=0x000002364d02bdd0 method=java.util.HashMap.putVal(ILjava/lang/Object;Ljava/lang/Object;ZZ)Ljava/lang/Object; @ 203 c2
Event: 3.476 Thread 0x000002363d1b6000 Uncommon trap: reason=bimorphic_or_optimized_type_check action=maybe_recompile pc=0x000002364d02bdd0 method=java.util.HashMap.putVal(ILjava/lang/Object;Ljava/lang/Object;ZZ)Ljava/lang/Object; @ 203 c2
Event: 3.506 Thread 0x000002363d1b6000 Uncommon trap: reason=bimorphic_or_optimized_type_check action=maybe_recompile pc=0x000002364d017598 method=java.util.HashMap.getNode(ILjava/lang/Object;)Ljava/util/HashMap$Node; @ 126 c2
Event: 3.531 Thread 0x000002363d1b6000 Uncommon trap: reason=bimorphic_or_optimized_type_check action=maybe_recompile pc=0x000002364d016c3c method=java.util.HashMap.getNode(ILjava/lang/Object;)Ljava/util/HashMap$Node; @ 126 c2

Classes redefined (0 events):
No events

Internal exceptions (10 events):
Event: 2.848 Thread 0x000002363d1b6000 Exception <a 'java/lang/ClassNotFoundException'{0x00000000895d02f0}: org/springframework/context/ResourceLoaderAwareCustomizer> (0x00000000895d02f0) thrown at [t:/workspace/open/src/hotspot/share/classfile/systemDictionary.cpp, line 231]
Event: 2.852 Thread 0x000002363d1b6000 Exception <a 'java/lang/ClassNotFoundException'{0x00000000895d7548}: org/springframework/beans/factory/AwareCustomizer> (0x00000000895d7548) thrown at [t:/workspace/open/src/hotspot/share/classfile/systemDictionary.cpp, line 231]
Event: 2.853 Thread 0x000002363d1b6000 Exception <a 'java/lang/ClassNotFoundException'{0x00000000895de2e0}: org/springframework/beans/factory/BeanClassLoaderAwareCustomizer> (0x00000000895de2e0) thrown at [t:/workspace/open/src/hotspot/share/classfile/systemDictionary.cpp, line 231]
Event: 2.854 Thread 0x000002363d1b6000 Exception <a 'java/lang/ClassNotFoundException'{0x00000000895e5550}: org/springframework/beans/factory/AwareCustomizer> (0x00000000895e5550) thrown at [t:/workspace/open/src/hotspot/share/classfile/systemDictionary.cpp, line 231]
Event: 2.855 Thread 0x000002363d1b6000 Exception <a 'java/lang/ClassNotFoundException'{0x00000000895ebb08}: org/springframework/context/EnvironmentAwareCustomizer> (0x00000000895ebb08) thrown at [t:/workspace/open/src/hotspot/share/classfile/systemDictionary.cpp, line 231]
Event: 2.857 Thread 0x000002363d1b6000 Exception <a 'java/lang/ClassNotFoundException'{0x00000000895f2cc8}: org/springframework/beans/factory/AwareCustomizer> (0x00000000895f2cc8) thrown at [t:/workspace/open/src/hotspot/share/classfile/systemDictionary.cpp, line 231]
Event: 3.038 Thread 0x000002363d1b6000 Exception <a 'java/lang/NoSuchMethodError'{0x0000000089112048}: java.lang.invoke.DirectMethodHandle$Holder.invokeSpecialIFC(Ljava/lang/Object;Ljava/lang/Object;Ljava/lang/Object;Ljava/lang/Object;)I> (0x0000000089112048) thrown at [t:/workspace/open/src/h
Event: 3.211 Thread 0x000002363d1b6000 Exception <a 'java/lang/IncompatibleClassChangeError'{0x0000000088d4b160}: Found class java.lang.Object, but interface was expected> (0x0000000088d4b160) thrown at [t:/workspace/open/src/hotspot/share/interpreter/linkResolver.cpp, line 856]
Event: 3.293 Thread 0x000002363d1b6000 Exception <a 'java/lang/NoSuchMethodError'{0x0000000088c64ba0}: java.lang.invoke.DirectMethodHandle$Holder.invokeStatic(Ljava/lang/Object;Ljava/lang/Object;Ljava/lang/Object;Ljava/lang/Object;Ljava/lang/Object;)V> (0x0000000088c64ba0) thrown at [t:/worksp
Event: 3.315 Thread 0x000002363d1b6000 Exception <a 'java/lang/NoSuchMethodError'{0x0000000088cd1c48}: java.lang.invoke.DirectMethodHandle$Holder.invokeInterface(Ljava/lang/Object;Ljava/lang/Object;Ljava/lang/Object;Ljava/lang/Object;)V> (0x0000000088cd1c48) thrown at [t:/workspace/open/src/ho

Events (10 events):
Event: 3.585 loading class org/springframework/boot/autoconfigure/condition/AbstractNestedCondition$MemberOutcomes
Event: 3.585 loading class org/springframework/boot/autoconfigure/condition/AbstractNestedCondition$MemberOutcomes done
Event: 3.586 loading class org/springframework/boot/jdbc/DataSourceBuilder
Event: 3.586 loading class org/springframework/boot/jdbc/DataSourceBuilder done
Event: 3.587 loading class com/zaxxer/hikari/HikariDataSource
Event: 3.587 loading class com/zaxxer/hikari/HikariDataSource done
Event: 3.589 loading class com/zaxxer/hikari/HikariConfig
Event: 3.589 loading class com/zaxxer/hikari/HikariConfig done
Event: 3.590 loading class com/zaxxer/hikari/HikariConfigMXBean
Event: 3.590 loading class com/zaxxer/hikari/HikariConfigMXBean done


Dynamic libraries:
0x00007ff6df080000 - 0x00007ff6df0c5000 	C:\Program Files\Java\jdk-11.0.1\bin\java.exe
0x00007ff92c670000 - 0x00007ff92c866000 	C:\Windows\SYSTEM32\ntdll.dll
0x00007ff92b530000 - 0x00007ff92b5ed000 	C:\Windows\System32\KERNEL32.DLL
0x00007ff92a260000 - 0x00007ff92a528000 	C:\Windows\System32\KERNELBASE.dll
0x00007ff92b840000 - 0x00007ff92b9e0000 	C:\Windows\System32\USER32.dll
0x00007ff929f50000 - 0x00007ff929f72000 	C:\Windows\System32\win32u.dll
0x00007ff92b500000 - 0x00007ff92b52a000 	C:\Windows\System32\GDI32.dll
0x00007ff92a530000 - 0x00007ff92a639000 	C:\Windows\System32\gdi32full.dll
0x00007ff92a640000 - 0x00007ff92a6dd000 	C:\Windows\System32\msvcp_win.dll
0x00007ff929e20000 - 0x00007ff929f20000 	C:\Windows\System32\ucrtbase.dll
0x00007ff9291e0000 - 0x00007ff92947b000 	C:\Windows\WinSxS\amd64_microsoft.windows.common-controls_6595b64144ccf1df_6.0.19041.488_none_ca04af081b815d21\COMCTL32.dll
0x00007ff92a890000 - 0x00007ff92a92e000 	C:\Windows\System32\msvcrt.dll
0x00007ff92b780000 - 0x00007ff92b7b0000 	C:\Windows\System32\IMM32.DLL
0x00007ff928050000 - 0x00007ff928066000 	C:\Program Files\Java\jdk-11.0.1\bin\vcruntime140.dll
0x00007ff924be0000 - 0x00007ff924c8a000 	C:\Program Files\Java\jdk-11.0.1\bin\msvcp140.dll
0x00007ff914470000 - 0x00007ff914fb1000 	C:\Program Files\Java\jdk-11.0.1\bin\server\jvm.dll
0x00007ff92afa0000 - 0x00007ff92b04a000 	C:\Windows\System32\ADVAPI32.dll
0x00007ff92c590000 - 0x00007ff92c62b000 	C:\Windows\System32\sechost.dll
0x00007ff92b5f0000 - 0x00007ff92b714000 	C:\Windows\System32\RPCRT4.dll
0x00007ff92b7b0000 - 0x00007ff92b7b8000 	C:\Windows\System32\PSAPI.DLL
0x00007ff913ab0000 - 0x00007ff913ad7000 	C:\Windows\SYSTEM32\WINMM.dll
0x00007ff921f50000 - 0x00007ff921f5a000 	C:\Windows\SYSTEM32\VERSION.dll
0x00007ff9244c0000 - 0x00007ff9244c9000 	C:\Windows\SYSTEM32\WSOCK32.dll
0x00007ff92b480000 - 0x00007ff92b4eb000 	C:\Windows\System32\WS2_32.dll
0x00007ff926f40000 - 0x00007ff926f52000 	C:\Windows\SYSTEM32\kernel.appcore.dll
0x00007ff927f50000 - 0x00007ff927f61000 	C:\Program Files\Java\jdk-11.0.1\bin\verify.dll
0x00007ff9297f0000 - 0x00007ff9299d4000 	C:\Windows\SYSTEM32\DBGHELP.DLL
0x00007ff929740000 - 0x00007ff92976c000 	C:\Windows\SYSTEM32\dbgcore.DLL
0x00007ff92a1e0000 - 0x00007ff92a25f000 	C:\Windows\System32\bcryptPrimitives.dll
0x00007ff927ea0000 - 0x00007ff927ec8000 	C:\Program Files\Java\jdk-11.0.1\bin\java.dll
0x00007ff927e70000 - 0x00007ff927e9f000 	C:\Program Files\Java\jdk-11.0.1\bin\instrument.dll
0x00007ff927dd0000 - 0x00007ff927de6000 	C:\Program Files\Java\jdk-11.0.1\bin\zip.dll
0x00007ff927e60000 - 0x00007ff927e6a000 	C:\Program Files\Java\jdk-11.0.1\bin\jimage.dll
0x00007ff92b9e0000 - 0x00007ff92c120000 	C:\Windows\System32\SHELL32.dll
0x00007ff927140000 - 0x00007ff9278d4000 	C:\Windows\SYSTEM32\windows.storage.dll
0x00007ff92b050000 - 0x00007ff92b3a5000 	C:\Windows\System32\combase.dll
0x00007ff929140000 - 0x00007ff92916c000 	C:\Windows\SYSTEM32\Wldp.dll
0x00007ff92c480000 - 0x00007ff92c52e000 	C:\Windows\System32\SHCORE.dll
0x00007ff92a930000 - 0x00007ff92a985000 	C:\Windows\System32\shlwapi.dll
0x00007ff929cf0000 - 0x00007ff929d16000 	C:\Windows\SYSTEM32\profapi.dll
0x00007ff924bc0000 - 0x00007ff924bd9000 	C:\Program Files\Java\jdk-11.0.1\bin\net.dll
0x00007ff91c600000 - 0x00007ff91c700000 	C:\Windows\SYSTEM32\WINHTTP.dll
0x00007ff929010000 - 0x00007ff92907a000 	C:\Windows\system32\mswsock.dll
0x00007ff923f40000 - 0x00007ff923f53000 	C:\Program Files\Java\jdk-11.0.1\bin\nio.dll
0x00007ff923ae0000 - 0x00007ff923afa000 	C:\Program Files\JetBrains\IntelliJ IDEA Community Edition 2020.2.3\bin\breakgen64.dll
0x00007ff927dc0000 - 0x00007ff927dc9000 	C:\Program Files\Java\jdk-11.0.1\bin\management.dll
0x00007ff923f70000 - 0x00007ff923f7c000 	C:\Program Files\Java\jdk-11.0.1\bin\management_ext.dll
0x00007ff914450000 - 0x00007ff914467000 	C:\Windows\system32\napinsp.dll
0x00007ff914430000 - 0x00007ff91444b000 	C:\Windows\system32\pnrpnsp.dll
0x00007ff911260000 - 0x00007ff911275000 	C:\Windows\system32\wshbth.dll
0x00007ff924b30000 - 0x00007ff924b4d000 	C:\Windows\system32\NLAapi.dll
0x00007ff928b70000 - 0x00007ff928bab000 	C:\Windows\SYSTEM32\IPHLPAPI.DLL
0x00007ff928bb0000 - 0x00007ff928c7b000 	C:\Windows\SYSTEM32\DNSAPI.dll
0x00007ff92af90000 - 0x00007ff92af99000 	C:\Windows\System32\NSI.dll
0x00007ff914410000 - 0x00007ff914422000 	C:\Windows\System32\winrnr.dll
0x00007ff91b7c0000 - 0x00007ff91b7ca000 	C:\Windows\System32\rasadhlp.dll
0x00007ff91ba90000 - 0x00007ff91bb0f000 	C:\Windows\System32\fwpuclnt.dll
0x00007ff929f20000 - 0x00007ff929f47000 	C:\Windows\System32\bcrypt.dll

dbghelp: loaded successfully - version: 4.0.5 - missing functions: none
symbol engine: initialized successfully - sym options: 0x614 - pdb path: .;C:\Program Files\Java\jdk-11.0.1\bin;C:\Windows\SYSTEM32;C:\Windows\WinSxS\amd64_microsoft.windows.common-controls_6595b64144ccf1df_6.0.19041.488_none_ca04af081b815d21;C:\Program Files\Java\jdk-11.0.1\bin\server;C:\Program Files\JetBrains\IntelliJ IDEA Community Edition 2020.2.3\bin

VM Arguments:
jvm_args: -javaagent:C:\Program Files\JetBrains\IntelliJ IDEA Community Edition 2020.2.3\lib\idea_rt.jar=50284:C:\Program Files\JetBrains\IntelliJ IDEA Community Edition 2020.2.3\bin -Dfile.encoding=UTF-8 
java_command: com.example.simpleCrud.SimpleCrudApplication
java_class_path (initial): C:\Users\CRS\Desktop\simpleCrud\target\classes;C:\Users\CRS\.m2\repository\org\springframework\boot\spring-boot-starter-web\2.3.4.RELEASE\spring-boot-starter-web-2.3.4.RELEASE.jar;C:\Users\CRS\.m2\repository\org\springframework\boot\spring-boot-starter\2.3.4.RELEASE\spring-boot-starter-2.3.4.RELEASE.jar;C:\Users\CRS\.m2\repository\org\springframework\boot\spring-boot\2.3.4.RELEASE\spring-boot-2.3.4.RELEASE.jar;C:\Users\CRS\.m2\repository\org\springframework\boot\spring-boot-autoconfigure\2.3.4.RELEASE\spring-boot-autoconfigure-2.3.4.RELEASE.jar;C:\Users\CRS\.m2\repository\org\springframework\boot\spring-boot-starter-logging\2.3.4.RELEASE\spring-boot-starter-logging-2.3.4.RELEASE.jar;C:\Users\CRS\.m2\repository\ch\qos\logback\logback-classic\1.2.3\logback-classic-1.2.3.jar;C:\Users\CRS\.m2\repository\ch\qos\logback\logback-core\1.2.3\logback-core-1.2.3.jar;C:\Users\CRS\.m2\repository\org\apache\logging\log4j\log4j-to-slf4j\2.13.3\log4j-to-slf4j-2.13.3.jar;C:\Users\CRS\.m2\repository\org\apache\logging\log4j\log4j-api\2.13.3\log4j-api-2.13.3.jar;C:\Users\CRS\.m2\repository\org\slf4j\jul-to-slf4j\1.7.30\jul-to-slf4j-1.7.30.jar;C:\Users\CRS\.m2\repository\jakarta\annotation\jakarta.annotation-api\1.3.5\jakarta.annotation-api-1.3.5.jar;C:\Users\CRS\.m2\repository\org\yaml\snakeyaml\1.26\snakeyaml-1.26.jar;C:\Users\CRS\.m2\repository\org\springframework\boot\spring-boot-starter-json\2.3.4.RELEASE\spring-boot-starter-json-2.3.4.RELEASE.jar;C:\Users\CRS\.m2\repository\com\fasterxml\jackson\core\jackson-databind\2.11.2\jackson-databind-2.11.2.jar;C:\Users\CRS\.m2\repository\com\fasterxml\jackson\core\jackson-annotations\2.11.2\jackson-annotations-2.11.2.jar;C:\Users\CRS\.m2\repository\com\fasterxml\jackson\core\jackson-core\2.11.2\jackson-core-2.11.2.jar;C:\Users\CRS\.m2\repository\com\fasterxml\jackson\datatype\jackson-datatype-jdk8\2.11.2\jackson-datatype-jdk8-2.11.2.jar;C:\Users\CRS\.m2\repository\com\fasterxml\jackson\datatype\jackson-datatyp
Launcher Type: SUN_STANDARD

[Global flags]
     intx CICompilerCount                          = 3                                         {product} {ergonomic}
     uint ConcGCThreads                            = 1                                         {product} {ergonomic}
     uint G1ConcRefinementThreads                  = 4                                         {product} {ergonomic}
   size_t G1HeapRegionSize                         = 1048576                                   {product} {ergonomic}
    uintx GCDrainStackTargetSize                   = 64                                        {product} {ergonomic}
   size_t InitialHeapSize                          = 134217728                                 {product} {ergonomic}
   size_t MarkStackSize                            = 4194304                                   {product} {ergonomic}
   size_t MaxHeapSize                              = 2118123520                                {product} {ergonomic}
   size_t MaxNewSize                               = 1270874112                                {product} {ergonomic}
   size_t MinHeapDeltaBytes                        = 1048576                                   {product} {ergonomic}
    uintx NonNMethodCodeHeapSize                   = 5830092                                {pd product} {ergonomic}
    uintx NonProfiledCodeHeapSize                  = 122914074                              {pd product} {ergonomic}
    uintx ProfiledCodeHeapSize                     = 122914074                              {pd product} {ergonomic}
    uintx ReservedCodeCacheSize                    = 251658240                              {pd product} {ergonomic}
     bool SegmentedCodeCache                       = true                                      {product} {ergonomic}
     bool UseCompressedClassPointers               = true                                 {lp64_product} {ergonomic}
     bool UseCompressedOops                        = true                                 {lp64_product} {ergonomic}
     bool UseG1GC                                  = true                                      {product} {ergonomic}
     bool UseLargePagesIndividualAllocation        = false                                  {pd product} {ergonomic}

Logging:
Log output configuration:
 #0: stdout all=warning uptime,level,tags
 #1: stderr all=off uptime,level,tags

Environment Variables:
PATH=C:\ProgramData\Oracle\Java\javapath;C:\Windows\system32;C:\Windows;C:\Windows\System32\Wbem;C:\Windows\System32\WindowsPowerShell\v1.0\;C:\Windows\System32\OpenSSH\;C:\Program Files\Git\cmd;C:\Users\CRS\AppData\Local\Microsoft\WindowsApps;
USERNAME=CRS
OS=Windows_NT
PROCESSOR_IDENTIFIER=Intel64 Family 6 Model 58 Stepping 9, GenuineIntel



---------------  S Y S T E M  ---------------

OS: Windows 10 , 64 bit Build 19041 (10.0.19041.546)

CPU:total 4 (initial active 4) (2 cores per cpu, 2 threads per core) family 6 model 58 stepping 9, cmov, cx8, fxsr, mmx, sse, sse2, sse3, ssse3, sse4.1, sse4.2, popcnt, avx, aes, clmul, erms, ht, tsc, tscinvbit, tscinv

Memory: 4k page, system-wide physical 8073M (3545M free)
TotalPageFile size 9353M (AvailPageFile size 4386M)
current process WorkingSet (physical memory assigned to process): 128M, peak: 128M
current process commit charge ("private bytes"): 243M, peak: 243M

vm_info: OpenJDK 64-Bit Server VM (11.0.1+13) for windows-amd64 JRE (11.0.1+13), built on Oct  6 2018 13:18:13 by "mach5one" with MS VC++ 15.5 (VS2017)

END.
